<?xml version="1.0" encoding="UTF-8"?>
<!-- Generated by org.testng.reporters.JUnitXMLReporter -->
<testsuite ignored="0" hostname="GSK-QA-065" failures="0" tests="5" name="Default test" time="8.895" errors="0" timestamp="2025-03-09T14:30:12 IST">
  <testcase classname="come.qa.testcases.Loginpagetest" name="verifydataDriverLogin" time="0.005"/>
  <testcase classname="come.qa.testcases.Loginpagetest" name="verifydataDriverLogin" time="0.003"/>
  <testcase classname="come.qa.testcases.Loginpagetest" name="verifydataDriverLogin" time="0.001"/>
  <testcase classname="come.qa.testcases.Loginpagetest" name="verifydataDriverLogin" time="0.001"/>
  <testcase classname="come.qa.testcases.Loginpagetest" name="verifydataDriverLogin" time="0.003"/>
</testsuite> <!-- Default test -->
