<?xml version="1.0" encoding="UTF-8"?>
<testng-results ignored="0" total="5" passed="5" failed="0" skipped="0">
  <reporter-output>
  </reporter-output>
  <suite started-at="2025-03-09T14:30:03 IST" name="Default suite" finished-at="2025-03-09T14:30:12 IST" duration-ms="8895">
    <groups>
    </groups>
    <test started-at="2025-03-09T14:30:03 IST" name="Default test" finished-at="2025-03-09T14:30:12 IST" duration-ms="8895">
      <class name="come.qa.testcases.Loginpagetest">
        <test-method is-config="true" signature="setUp()[pri:0, instance:come.qa.testcases.Loginpagetest@8462f31]" started-at="2025-03-09T14:30:03 IST" name="setUp" finished-at="2025-03-09T14:30:12 IST" duration-ms="8272" status="PASS">
          <reporter-output>
          </reporter-output>
        </test-method> <!-- setUp -->
        <test-method signature="verifydataDriverLogin(java.lang.String,java.lang.String)[pri:0, instance:come.qa.testcases.Loginpagetest@8462f31]" started-at="2025-03-09T14:30:12 IST" name="verifydataDriverLogin" data-provider="readDataFromExcel" finished-at="2025-03-09T14:30:12 IST" duration-ms="5" status="PASS">
          <params>
            <param index="0">
              <value>
                <![CDATA[8548826019]]>
              </value>
            </param>
            <param index="1">
              <value>
                <![CDATA[Bappa@123456]]>
              </value>
            </param>
          </params>
          <reporter-output>
          </reporter-output>
        </test-method> <!-- verifydataDriverLogin -->
        <test-method signature="verifydataDriverLogin(java.lang.String,java.lang.String)[pri:0, instance:come.qa.testcases.Loginpagetest@8462f31]" started-at="2025-03-09T14:30:12 IST" name="verifydataDriverLogin" data-provider="readDataFromExcel" finished-at="2025-03-09T14:30:12 IST" duration-ms="3" status="PASS">
          <params>
            <param index="0">
              <value>
                <![CDATA[9901972175]]>
              </value>
            </param>
            <param index="1">
              <value>
                <![CDATA[Muthu@123456]]>
              </value>
            </param>
          </params>
          <reporter-output>
          </reporter-output>
        </test-method> <!-- verifydataDriverLogin -->
        <test-method signature="verifydataDriverLogin(java.lang.String,java.lang.String)[pri:0, instance:come.qa.testcases.Loginpagetest@8462f31]" started-at="2025-03-09T14:30:12 IST" name="verifydataDriverLogin" data-provider="readDataFromExcel" finished-at="2025-03-09T14:30:12 IST" duration-ms="1" status="PASS">
          <params>
            <param index="0">
              <value>
                <![CDATA[7338591687]]>
              </value>
            </param>
            <param index="1">
              <value>
                <![CDATA[Shanth@123456]]>
              </value>
            </param>
          </params>
          <reporter-output>
          </reporter-output>
        </test-method> <!-- verifydataDriverLogin -->
        <test-method signature="verifydataDriverLogin(java.lang.String,java.lang.String)[pri:0, instance:come.qa.testcases.Loginpagetest@8462f31]" started-at="2025-03-09T14:30:12 IST" name="verifydataDriverLogin" data-provider="readDataFromExcel" finished-at="2025-03-09T14:30:12 IST" duration-ms="1" status="PASS">
          <params>
            <param index="0">
              <value>
                <![CDATA[8896321867]]>
              </value>
            </param>
            <param index="1">
              <value>
                <![CDATA[Ram@123456]]>
              </value>
            </param>
          </params>
          <reporter-output>
          </reporter-output>
        </test-method> <!-- verifydataDriverLogin -->
        <test-method signature="verifydataDriverLogin(java.lang.String,java.lang.String)[pri:0, instance:come.qa.testcases.Loginpagetest@8462f31]" started-at="2025-03-09T14:30:12 IST" name="verifydataDriverLogin" data-provider="readDataFromExcel" finished-at="2025-03-09T14:30:12 IST" duration-ms="3" status="PASS">
          <params>
            <param index="0">
              <value is-null="true"/>
            </param>
            <param index="1">
              <value is-null="true"/>
            </param>
          </params>
          <reporter-output>
          </reporter-output>
        </test-method> <!-- verifydataDriverLogin -->
        <test-method is-config="true" signature="tearDown()[pri:0, instance:come.qa.testcases.Loginpagetest@8462f31]" started-at="2025-03-09T14:30:12 IST" name="tearDown" finished-at="2025-03-09T14:30:12 IST" duration-ms="2" status="PASS">
          <reporter-output>
          </reporter-output>
        </test-method> <!-- tearDown -->
      </class> <!-- come.qa.testcases.Loginpagetest -->
    </test> <!-- Default test -->
  </suite> <!-- Default suite -->
</testng-results>
